<?xml version="1.0" encoding="UTF-8"?>
<testng-results ignored="0" total="9" passed="8" failed="1" skipped="0">
  <reporter-output>
  </reporter-output>
  <suite started-at="2022-08-30T21:55:47 IST" name="Practice Suite" finished-at="2022-08-30T21:56:22 IST" duration-ms="35552">
    <groups>
    </groups>
    <test started-at="2022-08-30T21:55:47 IST" name="Test in chrome Browser" finished-at="2022-08-30T21:56:22 IST" duration-ms="35552">
      <class name="stepDefinition.TestScenario1">
        <test-method signature="the_user_launch_the_browser_and_url(java.lang.String)[pri:1, instance:stepDefinition.TestScenario1@5b1669c0]" started-at="2022-08-30T21:55:47 IST" name="the_user_launch_the_browser_and_url" finished-at="2022-08-30T21:55:54 IST" duration-ms="7372" status="PASS">
          <params>
            <param index="0">
              <value>
                <![CDATA[chrome]]>
              </value>
            </param>
          </params>
          <reporter-output>
          </reporter-output>
        </test-method> <!-- the_user_launch_the_browser_and_url -->
        <test-method signature="click_on_simple_form()[pri:2, instance:stepDefinition.TestScenario1@5b1669c0]" started-at="2022-08-30T21:55:54 IST" name="click_on_simple_form" finished-at="2022-08-30T21:55:55 IST" duration-ms="1065" status="FAIL">
          <exception class="org.openqa.selenium.StaleElementReferenceException">
            <message>
              <![CDATA[stale element reference: element is not attached to the page document
  (Session info: chrome=104.0.5112.102)
For documentation on this error, please visit: https://selenium.dev/exceptions/#stale_element_reference
Build info: version: '4.1.2', revision: '9a5a329c5a'
System info: host: 'L-156273956', ip: '192.168.157.247', os.name: 'Windows 10', os.arch: 'amd64', os.version: '10.0', java.version: '16.0.1'
Driver info: org.openqa.selenium.chrome.ChromeDriver
Command: [ff2b13a0d845259ceca24904432b899c, getElementText {id=dc31d207-b115-45c7-a05e-da431fdd84b2}]
Capabilities {acceptInsecureCerts: false, browserName: chrome, browserVersion: 104.0.5112.102, chrome: {chromedriverVersion: 104.0.5112.79 (3cf3e8c8a07d..., userDataDir: C:\Users\ad40007989\AppData...}, goog:chromeOptions: {debuggerAddress: localhost:52936}, javascriptEnabled: true, networkConnectionEnabled: false, pageLoadStrategy: normal, platform: WINDOWS, platformName: WINDOWS, proxy: Proxy(), se:cdp: ws://localhost:52936/devtoo..., se:cdpVersion: 104.0.5112.102, setWindowRect: true, strictFileInteractability: false, timeouts: {implicit: 0, pageLoad: 300000, script: 30000}, unhandledPromptBehavior: dismiss and notify, webauthn:extension:credBlob: true, webauthn:extension:largeBlob: true, webauthn:virtualAuthenticators: true}
Element: [[ChromeDriver: chrome on WINDOWS (ff2b13a0d845259ceca24904432b899c)] -> xpath: //a[@href='https://www.lambdatest.com/selenium-playground/simple-form-demo']]
Session ID: ff2b13a0d845259ceca24904432b899c]]>
            </message>
            <full-stacktrace>
              <![CDATA[org.openqa.selenium.StaleElementReferenceException: stale element reference: element is not attached to the page document
  (Session info: chrome=104.0.5112.102)
For documentation on this error, please visit: https://selenium.dev/exceptions/#stale_element_reference
Build info: version: '4.1.2', revision: '9a5a329c5a'
System info: host: 'L-156273956', ip: '192.168.157.247', os.name: 'Windows 10', os.arch: 'amd64', os.version: '10.0', java.version: '16.0.1'
Driver info: org.openqa.selenium.chrome.ChromeDriver
Command: [ff2b13a0d845259ceca24904432b899c, getElementText {id=dc31d207-b115-45c7-a05e-da431fdd84b2}]
Capabilities {acceptInsecureCerts: false, browserName: chrome, browserVersion: 104.0.5112.102, chrome: {chromedriverVersion: 104.0.5112.79 (3cf3e8c8a07d..., userDataDir: C:\Users\ad40007989\AppData...}, goog:chromeOptions: {debuggerAddress: localhost:52936}, javascriptEnabled: true, networkConnectionEnabled: false, pageLoadStrategy: normal, platform: WINDOWS, platformName: WINDOWS, proxy: Proxy(), se:cdp: ws://localhost:52936/devtoo..., se:cdpVersion: 104.0.5112.102, setWindowRect: true, strictFileInteractability: false, timeouts: {implicit: 0, pageLoad: 300000, script: 30000}, unhandledPromptBehavior: dismiss and notify, webauthn:extension:credBlob: true, webauthn:extension:largeBlob: true, webauthn:virtualAuthenticators: true}
Element: [[ChromeDriver: chrome on WINDOWS (ff2b13a0d845259ceca24904432b899c)] -> xpath: //a[@href='https://www.lambdatest.com/selenium-playground/simple-form-demo']]
Session ID: ff2b13a0d845259ceca24904432b899c
at java.base/jdk.internal.reflect.NativeConstructorAccessorImpl.newInstance0(Native Method)
at java.base/jdk.internal.reflect.NativeConstructorAccessorImpl.newInstance(NativeConstructorAccessorImpl.java:78)
at java.base/jdk.internal.reflect.DelegatingConstructorAccessorImpl.newInstance(DelegatingConstructorAccessorImpl.java:45)
at java.base/java.lang.reflect.Constructor.newInstanceWithCaller(Constructor.java:499)
at java.base/java.lang.reflect.Constructor.newInstance(Constructor.java:480)
at org.openqa.selenium.remote.codec.w3c.W3CHttpResponseCodec.createException(W3CHttpResponseCodec.java:200)
at org.openqa.selenium.remote.codec.w3c.W3CHttpResponseCodec.decode(W3CHttpResponseCodec.java:133)
at org.openqa.selenium.remote.codec.w3c.W3CHttpResponseCodec.decode(W3CHttpResponseCodec.java:53)
at org.openqa.selenium.remote.HttpCommandExecutor.execute(HttpCommandExecutor.java:184)
at org.openqa.selenium.remote.service.DriverCommandExecutor.invokeExecute(DriverCommandExecutor.java:167)
at org.openqa.selenium.remote.service.DriverCommandExecutor.execute(DriverCommandExecutor.java:142)
at org.openqa.selenium.remote.RemoteWebDriver.execute(RemoteWebDriver.java:558)
at org.openqa.selenium.remote.RemoteWebElement.execute(RemoteWebElement.java:251)
at org.openqa.selenium.remote.RemoteWebElement.getText(RemoteWebElement.java:201)
at stepDefinition.TestScenario1.click_on_simple_form(TestScenario1.java:55)
at java.base/jdk.internal.reflect.NativeMethodAccessorImpl.invoke0(Native Method)
at java.base/jdk.internal.reflect.NativeMethodAccessorImpl.invoke(NativeMethodAccessorImpl.java:78)
at java.base/jdk.internal.reflect.DelegatingMethodAccessorImpl.invoke(DelegatingMethodAccessorImpl.java:43)
at java.base/java.lang.reflect.Method.invoke(Method.java:567)
at org.testng.internal.invokers.MethodInvocationHelper.invokeMethod(MethodInvocationHelper.java:139)
at org.testng.internal.invokers.TestInvoker.invokeMethod(TestInvoker.java:677)
at org.testng.internal.invokers.TestInvoker.invokeTestMethod(TestInvoker.java:221)
at org.testng.internal.invokers.MethodRunner.runInSequence(MethodRunner.java:50)
at org.testng.internal.invokers.TestInvoker$MethodInvocationAgent.invoke(TestInvoker.java:962)
at org.testng.internal.invokers.TestInvoker.invokeTestMethods(TestInvoker.java:194)
at org.testng.internal.invokers.TestMethodWorker.invokeTestMethods(TestMethodWorker.java:148)
at org.testng.internal.invokers.TestMethodWorker.run(TestMethodWorker.java:128)
at java.base/java.util.ArrayList.forEach(ArrayList.java:1511)
at org.testng.TestRunner.privateRun(TestRunner.java:806)
at org.testng.TestRunner.run(TestRunner.java:601)
at org.testng.SuiteRunner.runTest(SuiteRunner.java:433)
at org.testng.SuiteRunner.runSequentially(SuiteRunner.java:427)
at org.testng.SuiteRunner.privateRun(SuiteRunner.java:387)
at org.testng.SuiteRunner.run(SuiteRunner.java:330)
at org.testng.SuiteRunnerWorker.runSuite(SuiteRunnerWorker.java:52)
at org.testng.SuiteRunnerWorker.run(SuiteRunnerWorker.java:95)
at org.testng.TestNG.runSuitesSequentially(TestNG.java:1256)
at org.testng.TestNG.runSuitesLocally(TestNG.java:1176)
at org.testng.TestNG.runSuites(TestNG.java:1099)
at org.testng.TestNG.run(TestNG.java:1067)
at org.testng.remote.AbstractRemoteTestNG.run(AbstractRemoteTestNG.java:115)
at org.testng.remote.RemoteTestNG.initAndRun(RemoteTestNG.java:251)
at org.testng.remote.RemoteTestNG.main(RemoteTestNG.java:77)
]]>
            </full-stacktrace>
          </exception> <!-- org.openqa.selenium.StaleElementReferenceException -->
          <reporter-output>
          </reporter-output>
        </test-method> <!-- click_on_simple_form -->
        <test-method signature="Enter_Message()[pri:3, instance:stepDefinition.TestScenario1@5b1669c0]" started-at="2022-08-30T21:55:55 IST" name="Enter_Message" finished-at="2022-08-30T21:55:56 IST" duration-ms="302" status="PASS">
          <reporter-output>
          </reporter-output>
        </test-method> <!-- Enter_Message -->
        <test-method signature="Click_on_Get_Checked_Value()[pri:4, instance:stepDefinition.TestScenario1@5b1669c0]" started-at="2022-08-30T21:55:56 IST" name="Click_on_Get_Checked_Value" finished-at="2022-08-30T21:55:56 IST" duration-ms="296" status="PASS">
          <reporter-output>
          </reporter-output>
        </test-method> <!-- Click_on_Get_Checked_Value -->
      </class> <!-- stepDefinition.TestScenario1 -->
      <class name="stepDefinition.TestScenario2">
        <test-method signature="the_user_launch_the_browser_and_url(java.lang.String)[pri:1, instance:stepDefinition.TestScenario2@3e8c3cb]" started-at="2022-08-30T21:55:56 IST" name="the_user_launch_the_browser_and_url" finished-at="2022-08-30T21:56:06 IST" duration-ms="9633" status="PASS">
          <params>
            <param index="0">
              <value>
                <![CDATA[chrome]]>
              </value>
            </param>
          </params>
          <reporter-output>
          </reporter-output>
        </test-method> <!-- the_user_launch_the_browser_and_url -->
        <test-method signature="click_on_Drag_and_Drop()[pri:2, instance:stepDefinition.TestScenario2@3e8c3cb]" started-at="2022-08-30T21:56:06 IST" name="click_on_Drag_and_Drop" finished-at="2022-08-30T21:56:06 IST" duration-ms="850" status="PASS">
          <reporter-output>
          </reporter-output>
        </test-method> <!-- click_on_Drag_and_Drop -->
        <test-method signature="Increase_the_Bar()[pri:3, instance:stepDefinition.TestScenario2@3e8c3cb]" started-at="2022-08-30T21:56:06 IST" name="Increase_the_Bar" finished-at="2022-08-30T21:56:14 IST" duration-ms="7336" status="PASS">
          <reporter-output>
          </reporter-output>
        </test-method> <!-- Increase_the_Bar -->
      </class> <!-- stepDefinition.TestScenario2 -->
      <class name="stepDefinition.TestScenario3">
        <test-method signature="the_user_launch_the_browser_and_url(java.lang.String)[pri:1, instance:stepDefinition.TestScenario3@563f38c4]" started-at="2022-08-30T21:56:14 IST" name="the_user_launch_the_browser_and_url" finished-at="2022-08-30T21:56:20 IST" duration-ms="5867" status="PASS">
          <params>
            <param index="0">
              <value>
                <![CDATA[chrome]]>
              </value>
            </param>
          </params>
          <reporter-output>
          </reporter-output>
        </test-method> <!-- the_user_launch_the_browser_and_url -->
        <test-method signature="Fill_the_Form()[pri:2, instance:stepDefinition.TestScenario3@563f38c4]" started-at="2022-08-30T21:56:20 IST" name="Fill_the_Form" finished-at="2022-08-30T21:56:22 IST" duration-ms="2688" status="PASS">
          <reporter-output>
          </reporter-output>
        </test-method> <!-- Fill_the_Form -->
      </class> <!-- stepDefinition.TestScenario3 -->
    </test> <!-- Test in chrome Browser -->
  </suite> <!-- Practice Suite -->
</testng-results>
